2025-04-12 16:32:04,834 - SAVED: Message saved to incoming_20250412163204.zst
2025-04-12 16:32:16,087 - Sending packet_1744489935698.zst to takNode2 via established link
2025-04-12 16:32:16,089 - SENDING: packet_1744489935698.zst to takNode2 [RSSI 0 dBm] [SNR 6.25 dB]
2025-04-12 16:32:16,093 - SENT: packet_1744489935698.zst to takNode2 at 16:32:16.092
2025-04-12 16:32:16,816 - LINK_CLOSED: Link with takNode2 closed (Age: 1775.3s, Inactive: 0.0s)
2025-04-12 16:32:16,818 - Attempting to re-establish link to: takNode2
2025-04-12 16:32:16,823 - Starting link establishment to node: takNode2
2025-04-12 16:32:16,912 - Link establishment process started for node: takNode2
2025-04-12 16:32:16,914 - LINK_CLOSED: Link with node-<d4e170f closed (Age: 968.9s, Inactive: 0.0s)
2025-04-12 16:32:16,935 - LINK_CLOSED: Link with takNode2 closed (Age: unknown, Inactive: 0.0s)
2025-04-12 16:32:16,966 - Attempting to re-establish link to: takNode2
2025-04-12 16:32:16,983 - Starting link establishment to node: takNode2
2025-04-12 16:32:17,114 - Link establishment process started for node: takNode2
2025-04-12 16:32:17,115 - LINK_CLOSED: Link with takNode2 closed (Age: unknown, Inactive: 0.0s)
2025-04-12 16:32:17,119 - Attempting to re-establish link to: takNode2
2025-04-12 16:32:49,269 - Initializing Reticulum (waiting 10s for LoRa radio)...
2025-04-12 16:32:59,669 - Reticulum Handler running with destination: <6a90bffe75b15a3b933eb8ee206b93dc>
2025-04-12 16:32:59,681 - Establishing links to all known non-WiFi nodes
2025-04-12 16:32:59,683 - Starting message loops
2025-04-12 16:32:59,686 - Reticulum Handler running, press Ctrl+C to exit
2025-04-12 16:33:16,738 - Could not send file to any target, will retry later: packet_1744489996130.zst
2025-04-12 16:33:36,757 - Could not send file to any target, will retry later: packet_1744490016006.zst
2025-04-12 16:34:16,558 - Could not send file to any target, will retry later: packet_1744490055927.zst
2025-04-12 16:34:36,565 - Could not send file to any target, will retry later: packet_1744490075730.zst
2025-04-12 16:37:16,650 - Could not send file to any target, will retry later: packet_1744490235942.zst
2025-04-12 16:37:36,665 - Could not send file to any target, will retry later: packet_1744490255838.zst
2025-04-12 16:37:56,676 - Could not send file to any target, will retry later: packet_1744490276005.zst
2025-04-12 16:38:16,691 - Could not send file to any target, will retry later: packet_1744490295842.zst
2025-04-12 16:38:29,571 - Starting link establishment to node: takNode2
2025-04-12 16:38:29,638 - Link establishment process started for node: takNode2
2025-04-12 16:38:30,233 - LINK_ESTABLISHED: Incoming link from unknown peer (<6a90bffe75b15a3b933eb8ee206b93dc>)
2025-04-12 16:38:32,100 - Remote peer identified with hash: <8413fca6da5ad8ee3cb58e7c8df80c76>
2025-04-12 16:38:32,102 - Assigning temporary hostname node-<8413fca to newly identified peer
2025-04-12 16:38:32,108 - REMOTE_IDENTIFIED: Peer on link identified as node-<8413fca
2025-04-12 16:38:36,423 - LINK_ESTABLISHED: Outgoing link to takNode2
2025-04-12 16:38:36,426 - Identifying to remote peer takNode2
2025-04-12 16:38:36,436 - Found 1 files to process for takNode2
2025-04-12 16:38:36,440 - SEND DETAILS: File=packet_1744490316055.zst, Size=122 bytes, To=takNode2, TimestampFromFilename=1744490316055
2025-04-12 16:38:36,450 - SENDING: packet_1744490316055.zst to takNode2 [RSSI 0 dBm] [SNR 6.25 dB]
2025-04-12 16:38:36,457 - SENT: packet_1744490316055.zst to takNode2 at 16:38:36.457
2025-04-12 16:38:42,690 - DELIVERY_CONFIRMED: Got proof from takNode2 for packet 1744490316055 in 6.23s
2025-04-12 16:38:42,694 - DELIVERY_CONFIRMED: #1744490316055 → takNode2 (6.23s)
2025-04-12 16:38:45,056 - LINK_DATA_RECEIVED: Size=99 bytes, Source=node-<8413fca(unknown), Time=16:38:45.055
2025-04-12 16:38:45,062 - PACKET RECEIVED: #20250412163845 from node-<8413fca
2025-04-12 16:38:45,065 - SAVED: Message saved to incoming_20250412163845.zst
2025-04-12 16:38:49,465 - === LINK STATUS REPORT ===
2025-04-12 16:38:49,466 - Active Links: 1
2025-04-12 16:38:49,469 - Link to takNode2: ACTIVE [Age: 13.2s, Inactive: 13.0s, RSSI: 0 dBm, SNR: 6.25 dB]
2025-04-12 16:38:56,718 - Sending packet_1744490335890.zst to takNode2 via established link
2025-04-12 16:38:56,719 - SENDING: packet_1744490335890.zst to takNode2 [RSSI 0 dBm] [SNR 6.25 dB]
2025-04-12 16:38:56,723 - SENT: packet_1744490335890.zst to takNode2 at 16:38:56.722
2025-04-12 16:39:00,238 - DELIVERY_CONFIRMED: Got proof from takNode2 for packet 1744490335890 in 3.52s
2025-04-12 16:39:00,240 - DELIVERY_CONFIRMED: #1744490335890 → takNode2 (3.52s)
2025-04-12 16:39:02,494 - LINK_DATA_RECEIVED: Size=102 bytes, Source=node-<8413fca(unknown), Time=16:39:02.494
2025-04-12 16:39:02,496 - PACKET RECEIVED: #20250412163902 from node-<8413fca
2025-04-12 16:39:02,499 - SAVED: Message saved to incoming_20250412163902.zst
2025-04-12 16:39:16,732 - Could not send file to any target, will retry later: packet_1744490355899.zst
2025-04-12 16:39:36,744 - Could not send file to any target, will retry later: packet_1744490375938.zst
2025-04-12 16:39:49,473 - === LINK STATUS REPORT ===
2025-04-12 16:39:49,475 - Active Links: 1
2025-04-12 16:39:49,479 - Link to takNode2: ACTIVE [Age: 73.2s, Inactive: 52.8s, RSSI: 0 dBm, SNR: 6.25 dB]
2025-04-12 16:39:56,762 - Could not send file to any target, will retry later: packet_1744490396010.zst
2025-04-12 16:40:16,797 - Could not send file to any target, will retry later: packet_1744490415887.zst
2025-04-12 16:40:36,813 - Could not send file to any target, will retry later: packet_1744490435970.zst
2025-04-12 16:40:49,489 - === LINK STATUS REPORT ===
2025-04-12 16:40:49,492 - Active Links: 1
2025-04-12 16:40:49,497 - Link to takNode2: ACTIVE [Age: 133.2s, Inactive: 112.8s, RSSI: 0 dBm, SNR: 6.25 dB]
2025-04-12 16:40:56,824 - Could not send file to any target, will retry later: packet_1744490456039.zst
2025-04-12 16:41:16,848 - Could not send file to any target, will retry later: packet_1744490475919.zst
2025-04-12 16:41:36,862 - Could not send file to any target, will retry later: packet_1744490496043.zst
2025-04-12 16:41:49,502 - === LINK STATUS REPORT ===
2025-04-12 16:41:49,503 - Active Links: 1
2025-04-12 16:41:49,509 - Link to takNode2: ACTIVE [Age: 193.2s, Inactive: 172.8s, RSSI: 0 dBm, SNR: 6.25 dB]
2025-04-12 16:41:56,868 - Could not send file to any target, will retry later: packet_1744490516055.zst
2025-04-12 16:42:16,875 - Could not send file to any target, will retry later: packet_1744490536063.zst
2025-04-12 16:42:36,885 - Could not send file to any target, will retry later: packet_1744490556097.zst
2025-04-12 16:42:49,512 - === LINK STATUS REPORT ===
2025-04-12 16:42:49,515 - Active Links: 1
2025-04-12 16:42:49,519 - Link to takNode2: ACTIVE [Age: 253.2s, Inactive: 232.8s, RSSI: 0 dBm, SNR: 6.25 dB]
2025-04-12 16:42:56,893 - Could not send file to any target, will retry later: packet_1744490576124.zst
2025-04-12 16:43:16,901 - Could not send file to any target, will retry later: packet_1744490595920.zst
2025-04-12 16:43:34,707 - Removing stale peer: node-<8413fca
2025-04-12 16:43:36,914 - Could not send file to any target, will retry later: packet_1744490615974.zst
2025-04-12 16:43:49,523 - === LINK STATUS REPORT ===
2025-04-12 16:43:49,525 - Active Links: 1
2025-04-12 16:43:49,531 - Link to takNode2: ACTIVE [Age: 313.2s, Inactive: 292.8s, RSSI: 0 dBm, SNR: 6.25 dB]
2025-04-12 16:43:56,936 - Could not send file to any target, will retry later: packet_1744490636078.zst
2025-04-12 16:44:09,646 - LINK_CLOSED: Link with node-<8413fca closed (Age: 339.4s, Inactive: 0.0s)
2025-04-12 16:44:09,665 - LINK_CLOSED: Link with takNode2 closed (Age: 333.4s, Inactive: 0.0s)
2025-04-12 16:44:09,667 - Attempting to re-establish link to: takNode2
2025-04-12 16:44:09,671 - Starting link establishment to node: takNode2
2025-04-12 16:44:09,790 - Link establishment process started for node: takNode2
2025-04-12 16:44:09,797 - LINK_CLOSED: Link with takNode2 closed (Age: unknown, Inactive: 0.0s)
2025-04-12 16:44:09,802 - Attempting to re-establish link to: takNode2
2025-04-12 16:44:09,859 - Starting link establishment to node: takNode2
2025-04-12 16:44:09,941 - Link establishment process started for node: takNode2
2025-04-12 16:44:09,946 - LINK_CLOSED: Link with takNode2 closed (Age: unknown, Inactive: 0.0s)
2025-04-12 16:44:09,959 - Attempting to re-establish link to: takNode2
2025-04-12 16:44:09,965 - Starting link establishment to node: takNode2
2025-04-12 16:44:10,205 - Link establishment process started for node: takNode2
